Change Component Designator: Old Designator=C7 New Designator=C1
Change Component Designator: Old Designator=C8 New Designator=C2
Change Component Designator: Old Designator=C9 New Designator=C3
Change Component Designator: Old Designator=C10 New Designator=C4
Change Component Designator: Old Designator=C11 New Designator=C5
Change Component Designator: Old Designator=C12 New Designator=C6
Change Component Designator: Old Designator=C13 New Designator=C7
Change Component Designator: Old Designator=C14 New Designator=C8
Change Component Designator: Old Designator=C15 New Designator=C9
Change Component Designator: Old Designator=C16 New Designator=C10
Change Component Designator: Old Designator=C17 New Designator=C11
Change Component Designator: Old Designator=C18 New Designator=C12
Change Component Designator: Old Designator=C19 New Designator=C13
Change Component Designator: Old Designator=C20 New Designator=C14
Change Component Designator: Old Designator=C21 New Designator=C15
Change Component Designator: Old Designator=C22 New Designator=C16
Change Component Designator: Old Designator=C23 New Designator=C17
Change Component Designator: Old Designator=C24 New Designator=C18
Change Component Designator: Old Designator=C25 New Designator=C19
Change Component Designator: Old Designator=C26 New Designator=C20
Change Component Designator: Old Designator=C27 New Designator=C21
Change Component Designator: Old Designator=C28 New Designator=C22
Change Component Designator: Old Designator=C29 New Designator=C23
Change Component Designator: Old Designator=D? New Designator=D1
Change Component Designator: Old Designator=F? New Designator=F1
Change Component Designator: Old Designator=H5 New Designator=H1
Change Component Designator: Old Designator=H6 New Designator=H2
Change Component Designator: Old Designator=H7 New Designator=H3
Change Component Designator: Old Designator=H8 New Designator=H4
Change Component Designator: Old Designator=H9 New Designator=H5
Change Component Designator: Old Designator=H10 New Designator=H6
Change Component Designator: Old Designator=H11 New Designator=H7
Change Component Designator: Old Designator=Q? New Designator=Q1
Change Component Designator: Old Designator=R6 New Designator=R7
Change Component Designator: Old Designator=R7 New Designator=R8
Change Component Designator: Old Designator=R8 New Designator=R9
Change Component Designator: Old Designator=R9 New Designator=R10
Change Component Designator: Old Designator=R10 New Designator=R11
Change Component Designator: Old Designator=R11 New Designator=R12
Change Component Designator: Old Designator=R12 New Designator=R13
Change Component Designator: Old Designator=R13 New Designator=R14
Change Component Designator: Old Designator=R?? New Designator=R6
Change Component Designator: Old Designator=TP9 New Designator=TP1
Change Component Designator: Old Designator=TP10 New Designator=TP2
Change Component Designator: Old Designator=TP11 New Designator=TP3
Change Component Designator: Old Designator=TP12 New Designator=TP4
Change Component Designator: Old Designator=TP13 New Designator=TP5
Change Component Designator: Old Designator=TP14 New Designator=TP6
Change Component Designator: Old Designator=U3 New Designator=U1
Change Component Designator: Old Designator=U3 New Designator=U1
Change Component Designator: Old Designator=U4 New Designator=U2
Change Component Designator: Old Designator=U5 New Designator=U3
Change Component Designator: Old Designator=U6 New Designator=U4
Change Component Designator: Old Designator=U7 New Designator=U5
Change Component Designator: Old Designator=U8 New Designator=U6
