Removed Pin From Net: NetName=BUZZER Pin=U1_1-3
Removed Pin From Net: NetName=JOYSTICK_5 Pin=U1_1-4
Removed Pin From Net: NetName=JOYSTICK_2 Pin=U1_1-5
Removed Pin From Net: NetName=DIP_1 Pin=U1_1-9
Removed Pin From Net: NetName=DIP_2 Pin=U1_1-10
Removed Pin From Net: NetName=DIP_3 Pin=U1_1-11
Removed Pin From Net: NetName=DIP_5 Pin=U1_1-13
Removed Pin From Net: NetName=BAT_VDIV Pin=U1_1-14
Removed Pin From Net: NetName=DIP_6 Pin=U1_1-15
Removed Pin From Net: NetName=DIP_4 Pin=U1_1-16
Removed Pin From Net: NetName=DIP_0 Pin=U1_1-19
Removed Pin From Net: NetName=SLEEP Pin=U1_1-20
Removed Pin From Net: NetName=SPI_SPCK Pin=U1_1-21
Removed Pin From Net: NetName=SPI_MOSI Pin=U1_1-22
Removed Pin From Net: NetName=DIP_7 Pin=U1_1-23
Removed Pin From Net: NetName=JOYSTICK_SW Pin=U1_1-25
Removed Pin From Net: NetName=NetH1_6 Pin=U1_1-26
Removed Pin From Net: NetName=SPI_MISO Pin=U1_1-27
Removed Pin From Net: NetName=COM_CSN Pin=U1_1-28
Removed Pin From Net: NetName=COM_CE Pin=U1_1-29
Removed Pin From Net: NetName=COM_IRQ Pin=U1_1-30
Removed Pin From Net: NetName=I2C_SCL Pin=U1_1-33
Removed Pin From Net: NetName=USB_DETECT Pin=U1_1-35
Removed Pin From Net: NetName=NetH1_5 Pin=U1_1-37
Removed Pin From Net: NetName=NetH1_4 Pin=U1_1-38
Removed Pin From Net: NetName=nRST Pin=U1_1-39
Removed Pin From Net: NetName=NetH1_3 Pin=U1_1-41
Removed Pin From Net: NetName=NetH1_2 Pin=U1_1-42
Removed Pin From Net: NetName=LED_STRIP_3V3 Pin=U1_1-43
Removed Pin From Net: NetName=BUTTON Pin=U1_1-44
Removed Pin From Net: NetName=STATUS1 Pin=U1_1-47
Removed Pin From Net: NetName=STATUS0 Pin=U1_1-48
Removed Pin From Net: NetName=I2C_SDA Pin=U1_1-49
Removed Pin From Net: NetName=SWDIO Pin=U1_1-51
Removed Pin From Net: NetName=NetH1_1 Pin=U1_1-52
Removed Pin From Net: NetName=SWCLK Pin=U1_1-53
Removed Pin From Net: NetName=NetTP2_1 Pin=U1_1-55
Removed Pin From Net: NetName=NetR5_2 Pin=U1_1-56
Removed Pin From Net: NetName=NetR4_2 Pin=U1_1-57
Removed Pin From Net: NetName=NetC5_2 Pin=U1_1-61
Removed Pin From Net: NetName=NetC4_2 Pin=U1_1-62
Removed Member From Class: ClassName=Hat Member=U2
Change Component Designator: OldDesignator=U2 NewDesignator=U1_1
Added Pin To Net: NetName=BUZZER Pin=U1_1-3
Added Pin To Net: NetName=JOYSTICK_5 Pin=U1_1-4
Added Pin To Net: NetName=JOYSTICK_2 Pin=U1_1-5
Added Pin To Net: NetName=DIP_1 Pin=U1_1-9
Added Pin To Net: NetName=DIP_2 Pin=U1_1-10
Added Pin To Net: NetName=DIP_3 Pin=U1_1-11
Added Pin To Net: NetName=DIP_5 Pin=U1_1-13
Added Pin To Net: NetName=BAT_VDIV Pin=U1_1-14
Added Pin To Net: NetName=DIP_6 Pin=U1_1-15
Added Pin To Net: NetName=DIP_4 Pin=U1_1-16
Added Pin To Net: NetName=DIP_0 Pin=U1_1-19
Added Pin To Net: NetName=SLEEP Pin=U1_1-20
Added Pin To Net: NetName=SPI_SPCK Pin=U1_1-21
Added Pin To Net: NetName=SPI_MOSI Pin=U1_1-22
Added Pin To Net: NetName=DIP_7 Pin=U1_1-23
Added Pin To Net: NetName=JOYSTICK_SW Pin=U1_1-25
Added Pin To Net: NetName=NetH1_6 Pin=U1_1-26
Added Pin To Net: NetName=SPI_MISO Pin=U1_1-27
Added Pin To Net: NetName=COM_CSN Pin=U1_1-28
Added Pin To Net: NetName=COM_CE Pin=U1_1-29
Added Pin To Net: NetName=COM_IRQ Pin=U1_1-30
Added Pin To Net: NetName=I2C_SCL Pin=U1_1-33
Added Pin To Net: NetName=USB_DETECT Pin=U1_1-35
Added Pin To Net: NetName=NetH1_5 Pin=U1_1-37
Added Pin To Net: NetName=NetH1_4 Pin=U1_1-38
Added Pin To Net: NetName=nRST Pin=U1_1-39
Added Pin To Net: NetName=NetH1_3 Pin=U1_1-41
Added Pin To Net: NetName=NetH1_2 Pin=U1_1-42
Added Pin To Net: NetName=LED_STRIP_3V3 Pin=U1_1-43
Added Pin To Net: NetName=BUTTON Pin=U1_1-44
Added Pin To Net: NetName=STATUS1 Pin=U1_1-47
Added Pin To Net: NetName=STATUS0 Pin=U1_1-48
Added Pin To Net: NetName=I2C_SDA Pin=U1_1-49
Added Pin To Net: NetName=SWDIO Pin=U1_1-51
Added Pin To Net: NetName=NetH1_1 Pin=U1_1-52
Added Pin To Net: NetName=SWCLK Pin=U1_1-53
Added Pin To Net: NetName=NetTP2_1 Pin=U1_1-55
Added Pin To Net: NetName=NetR5_2 Pin=U1_1-56
Added Pin To Net: NetName=NetR4_2 Pin=U1_1-57
Added Pin To Net: NetName=NetC5_2 Pin=U1_1-61
Added Pin To Net: NetName=NetC4_2 Pin=U1_1-62
Added Room: Name=Hat
